<?xml version="1.0" encoding="UTF-8"?>
<testsuite name="CalculatorTest" tests="6" skipped="0" failures="0" errors="0" timestamp="2021-11-17T11:22:49" hostname="DIANAPANCHYSHYN" time="0.009">
  <properties/>
  <testcase name="subtract" classname="CalculatorTest" time="0.007"/>
  <testcase name="testDivideByZero" classname="CalculatorTest" time="0.0"/>
  <testcase name="testMultiplyByZero" classname="CalculatorTest" time="0.0"/>
  <testcase name="add" classname="CalculatorTest" time="0.001"/>
  <testcase name="division" classname="CalculatorTest" time="0.0"/>
  <testcase name="multiply" classname="CalculatorTest" time="0.0"/>
  <system-out><![CDATA[]]></system-out>
  <system-err><![CDATA[]]></system-err>
</testsuite>
